<?xml version="1.0" encoding="UTF-8"?>
<!-- Generated by org.testng.reporters.JUnitXMLReporter -->
<testsuite ignored="0" hostname="Puneet-Dell" failures="0" tests="2" name="nopCommerce_V1 Test1" time="63.381" errors="0" timestamp="21 Feb 2019 16:13:25 GMT">
  <testcase classname="com.nopCommerce_V1.testcases.LoginTest001" name="LoginTest" time="14.753"/>
  <testcase classname="com.nopCommerce_V1.testcases.Addcust003" name="addNewCustomer" time="38.488"/>
</testsuite> <!-- nopCommerce_V1 Test1 -->
