<?xml version="1.0" encoding="UTF-8"?>
<testng-results ignored="0" total="2" passed="2" failed="0" skipped="0">
  <reporter-output>
  </reporter-output>
  <suite started-at="2019-02-21T16:12:21Z" name="nopCommerce_V1" finished-at="2019-02-21T16:13:25Z" duration-ms="63381">
    <groups>
    </groups>
    <test started-at="2019-02-21T16:12:21Z" name="nopCommerce_V1 Test1" finished-at="2019-02-21T16:13:25Z" duration-ms="63381">
      <class name="com.nopCommerce_V1.testcases.Addcust003">
        <test-method is-config="true" signature="setup(java.lang.String)[pri:0, instance:com.nopCommerce_V1.testcases.Addcust003@74e52303]" started-at="2019-02-21T16:12:42Z" name="setup" finished-at="2019-02-21T16:12:45Z" duration-ms="2887" status="PASS">
          <params>
            <param index="0">
              <value>
                <![CDATA[chrome]]>
              </value>
            </param>
          </params>
          <reporter-output>
          </reporter-output>
        </test-method> <!-- setup -->
        <test-method signature="addNewCustomer()[pri:0, instance:com.nopCommerce_V1.testcases.Addcust003@74e52303]" started-at="2019-02-21T16:12:45Z" name="addNewCustomer" finished-at="2019-02-21T16:13:24Z" duration-ms="38488" status="PASS">
          <reporter-output>
          </reporter-output>
        </test-method> <!-- addNewCustomer -->
        <test-method is-config="true" signature="tearDown()[pri:0, instance:com.nopCommerce_V1.testcases.Addcust003@74e52303]" started-at="2019-02-21T16:13:24Z" name="tearDown" finished-at="2019-02-21T16:13:25Z" duration-ms="989" status="PASS">
          <reporter-output>
          </reporter-output>
        </test-method> <!-- tearDown -->
      </class> <!-- com.nopCommerce_V1.testcases.Addcust003 -->
      <class name="com.nopCommerce_V1.testcases.LoginTest001">
        <test-method is-config="true" signature="setup(java.lang.String)[pri:0, instance:com.nopCommerce_V1.testcases.LoginTest001@158da8e]" started-at="2019-02-21T16:12:22Z" name="setup" finished-at="2019-02-21T16:12:27Z" duration-ms="4906" status="PASS">
          <params>
            <param index="0">
              <value>
                <![CDATA[chrome]]>
              </value>
            </param>
          </params>
          <reporter-output>
          </reporter-output>
        </test-method> <!-- setup -->
        <test-method signature="LoginTest()[pri:0, instance:com.nopCommerce_V1.testcases.LoginTest001@158da8e]" started-at="2019-02-21T16:12:27Z" name="LoginTest" finished-at="2019-02-21T16:12:41Z" duration-ms="14753" status="PASS">
          <reporter-output>
          </reporter-output>
        </test-method> <!-- LoginTest -->
        <test-method is-config="true" signature="tearDown()[pri:0, instance:com.nopCommerce_V1.testcases.LoginTest001@158da8e]" started-at="2019-02-21T16:12:41Z" name="tearDown" finished-at="2019-02-21T16:12:42Z" duration-ms="883" status="PASS">
          <reporter-output>
          </reporter-output>
        </test-method> <!-- tearDown -->
      </class> <!-- com.nopCommerce_V1.testcases.LoginTest001 -->
    </test> <!-- nopCommerce_V1 Test1 -->
  </suite> <!-- nopCommerce_V1 -->
</testng-results>
